f:\onedrive\【大学学习资料】\【大二 下学期课程】\【数据结构与算法综合实验】\欢乐连连看 综合实验\已经分步完成\4.5 帮助 lianliankan\llk\debug\llk.pch
f:\onedrive\【大学学习资料】\【大二 下学期课程】\【数据结构与算法综合实验】\欢乐连连看 综合实验\已经分步完成\4.5 帮助 lianliankan\llk\debug\vc141.pdb
f:\onedrive\【大学学习资料】\【大二 下学期课程】\【数据结构与算法综合实验】\欢乐连连看 综合实验\已经分步完成\4.5 帮助 lianliankan\llk\debug\vc141.idb
f:\onedrive\【大学学习资料】\【大二 下学期课程】\【数据结构与算法综合实验】\欢乐连连看 综合实验\已经分步完成\4.5 帮助 lianliankan\llk\debug\stdafx.obj
f:\onedrive\【大学学习资料】\【大二 下学期课程】\【数据结构与算法综合实验】\欢乐连连看 综合实验\已经分步完成\4.5 帮助 lianliankan\llk\debug\llkdlg.obj
f:\onedrive\【大学学习资料】\【大二 下学期课程】\【数据结构与算法综合实验】\欢乐连连看 综合实验\已经分步完成\4.5 帮助 lianliankan\llk\debug\llk.obj
f:\onedrive\【大学学习资料】\【大二 下学期课程】\【数据结构与算法综合实验】\欢乐连连看 综合实验\已经分步完成\4.5 帮助 lianliankan\llk\debug\graph.obj
f:\onedrive\【大学学习资料】\【大二 下学期课程】\【数据结构与算法综合实验】\欢乐连连看 综合实验\已经分步完成\4.5 帮助 lianliankan\llk\debug\gamelogic.obj
f:\onedrive\【大学学习资料】\【大二 下学期课程】\【数据结构与算法综合实验】\欢乐连连看 综合实验\已经分步完成\4.5 帮助 lianliankan\llk\debug\gamedlg.obj
f:\onedrive\【大学学习资料】\【大二 下学期课程】\【数据结构与算法综合实验】\欢乐连连看 综合实验\已经分步完成\4.5 帮助 lianliankan\llk\debug\gamecontrol.obj
f:\onedrive\【大学学习资料】\【大二 下学期课程】\【数据结构与算法综合实验】\欢乐连连看 综合实验\已经分步完成\4.5 帮助 lianliankan\llk\debug\chelpdialog.obj
f:\onedrive\【大学学习资料】\【大二 下学期课程】\【数据结构与算法综合实验】\欢乐连连看 综合实验\已经分步完成\4.5 帮助 lianliankan\debug\llk.ilk
f:\onedrive\【大学学习资料】\【大二 下学期课程】\【数据结构与算法综合实验】\欢乐连连看 综合实验\已经分步完成\4.5 帮助 lianliankan\debug\llk.exe
f:\onedrive\【大学学习资料】\【大二 下学期课程】\【数据结构与算法综合实验】\欢乐连连看 综合实验\已经分步完成\4.5 帮助 lianliankan\debug\llk.pdb
f:\onedrive\【大学学习资料】\【大二 下学期课程】\【数据结构与算法综合实验】\欢乐连连看 综合实验\已经分步完成\4.5 帮助 lianliankan\llk\debug\llk.res
f:\onedrive\【大学学习资料】\【大二 下学期课程】\【数据结构与算法综合实验】\欢乐连连看 综合实验\已经分步完成\4.5 帮助 lianliankan\llk\debug\llk.tlog\cl.command.1.tlog
f:\onedrive\【大学学习资料】\【大二 下学期课程】\【数据结构与算法综合实验】\欢乐连连看 综合实验\已经分步完成\4.5 帮助 lianliankan\llk\debug\llk.tlog\cl.read.1.tlog
f:\onedrive\【大学学习资料】\【大二 下学期课程】\【数据结构与算法综合实验】\欢乐连连看 综合实验\已经分步完成\4.5 帮助 lianliankan\llk\debug\llk.tlog\cl.write.1.tlog
f:\onedrive\【大学学习资料】\【大二 下学期课程】\【数据结构与算法综合实验】\欢乐连连看 综合实验\已经分步完成\4.5 帮助 lianliankan\llk\debug\llk.tlog\link.command.1.tlog
f:\onedrive\【大学学习资料】\【大二 下学期课程】\【数据结构与算法综合实验】\欢乐连连看 综合实验\已经分步完成\4.5 帮助 lianliankan\llk\debug\llk.tlog\link.read.1.tlog
f:\onedrive\【大学学习资料】\【大二 下学期课程】\【数据结构与算法综合实验】\欢乐连连看 综合实验\已经分步完成\4.5 帮助 lianliankan\llk\debug\llk.tlog\link.write.1.tlog
f:\onedrive\【大学学习资料】\【大二 下学期课程】\【数据结构与算法综合实验】\欢乐连连看 综合实验\已经分步完成\4.5 帮助 lianliankan\llk\debug\llk.tlog\rc.command.1.tlog
f:\onedrive\【大学学习资料】\【大二 下学期课程】\【数据结构与算法综合实验】\欢乐连连看 综合实验\已经分步完成\4.5 帮助 lianliankan\llk\debug\llk.tlog\rc.read.1.tlog
f:\onedrive\【大学学习资料】\【大二 下学期课程】\【数据结构与算法综合实验】\欢乐连连看 综合实验\已经分步完成\4.5 帮助 lianliankan\llk\debug\llk.tlog\rc.write.1.tlog
